# JRE version: OpenJDK Runtime Environment (8.0_302-b08) (build 1.8.0_302-b08)
# Java VM: OpenJDK 64-Bit Server VM (25.302-b08 mixed mode windows-amd64 compressed oops)
Heap:
 PSYoungGen      total 184832K, used 8109K [0x00000000d5580000, 0x00000000e4f80000, 0x0000000100000000)
  eden space 180224K, 1% used [0x00000000d5580000,0x00000000d58f34f8,0x00000000e0580000)
  from space 4608K, 99% used [0x00000000e1800000,0x00000000e1c78010,0x00000000e1c80000)
  to   space 18944K, 0% used [0x00000000e0580000,0x00000000e0580000,0x00000000e1800000)
 ParOldGen       total 68608K, used 39309K [0x0000000080000000, 0x0000000084300000, 0x00000000d5580000)
  object space 68608K, 57% used [0x0000000080000000,0x0000000082663718,0x0000000084300000)
 Metaspace       used 55036K, capacity 56930K, committed 57088K, reserved 1097728K
  class space    used 7401K, capacity 7847K, committed 7936K, reserved 1048576K
GC Heap History (10 events):
Event: 6.742 GC heap before
{Heap before GC invocations=12 (full 2):
 PSYoungGen      total 136704K, used 125952K [0x00000000d5580000, 0x00000000e2380000, 0x0000000100000000)
  eden space 125952K, 100% used [0x00000000d5580000,0x00000000dd080000,0x00000000dd080000)
  from space 10752K, 0% used [0x00000000dd080000,0x00000000dd080000,0x00000000ddb00000)
  to   space 11776K, 0% used [0x00000000e1800000,0x00000000e1800000,0x00000000e2380000)
 ParOldGen       total 68608K, used 16983K [0x0000000080000000, 0x0000000084300000, 0x00000000d5580000)
  object space 68608K, 24% used [0x0000000080000000,0x0000000081095f90,0x0000000084300000)
 Metaspace       used 34967K, capacity 35824K, committed 35968K, reserved 1081344K
  class space    used 4738K, capacity 4972K, committed 4992K, reserved 1048576K
Event: 6.746 GC heap after
Heap after GC invocations=12 (full 2):
 PSYoungGen      total 178176K, used 4361K [0x00000000d5580000, 0x00000000e1c80000, 0x0000000100000000)
  eden space 173568K, 0% used [0x00000000d5580000,0x00000000d5580000,0x00000000dff00000)
  from space 4608K, 94% used [0x00000000e1800000,0x00000000e1c42478,0x00000000e1c80000)
  to   space 11776K, 0% used [0x00000000e0580000,0x00000000e0580000,0x00000000e1100000)
 ParOldGen       total 68608K, used 16991K [0x0000000080000000, 0x0000000084300000, 0x00000000d5580000)
  object space 68608K, 24% used [0x0000000080000000,0x0000000081097f90,0x0000000084300000)
 Metaspace       used 34967K, capacity 35824K, committed 35968K, reserved 1081344K
  class space    used 4738K, capacity 4972K, committed 4992K, reserved 1048576K
}
Event: 7.901 GC heap before
{Heap before GC invocations=13 (full 2):
 PSYoungGen      total 178176K, used 177929K [0x00000000d5580000, 0x00000000e1c80000, 0x0000000100000000)
  eden space 173568K, 100% used [0x00000000d5580000,0x00000000dff00000,0x00000000dff00000)
  from space 4608K, 94% used [0x00000000e1800000,0x00000000e1c42478,0x00000000e1c80000)
  to   space 11776K, 0% used [0x00000000e0580000,0x00000000e0580000,0x00000000e1100000)
 ParOldGen       total 68608K, used 16991K [0x0000000080000000, 0x0000000084300000, 0x00000000d5580000)
  object space 68608K, 24% used [0x0000000080000000,0x0000000081097f90,0x0000000084300000)
 Metaspace       used 35331K, capacity 36122K, committed 36352K, reserved 1081344K
  class space    used 4764K, capacity 4998K, committed 5120K, reserved 1048576K
Event: 7.905 GC heap after
Heap after GC invocations=13 (full 2):
 PSYoungGen      total 185344K, used 736K [0x00000000d5580000, 0x00000000e1c80000, 0x0000000100000000)
  eden space 173568K, 0% used [0x00000000d5580000,0x00000000d5580000,0x00000000dff00000)
  from space 11776K, 6% used [0x00000000e0580000,0x00000000e0638000,0x00000000e1100000)
  to   space 4608K, 0% used [0x00000000e1800000,0x00000000e1800000,0x00000000e1c80000)
 ParOldGen       total 68608K, used 17191K [0x0000000080000000, 0x0000000084300000, 0x00000000d5580000)
  object space 68608K, 25% used [0x0000000080000000,0x00000000810c9fd0,0x0000000084300000)
 Metaspace       used 35331K, capacity 36122K, committed 36352K, reserved 1081344K
  class space    used 4764K, capacity 4998K, committed 5120K, reserved 1048576K
}
Event: 8.594 GC heap before
{Heap before GC invocations=14 (full 2):
 PSYoungGen      total 185344K, used 174304K [0x00000000d5580000, 0x00000000e1c80000, 0x0000000100000000)
  eden space 173568K, 100% used [0x00000000d5580000,0x00000000dff00000,0x00000000dff00000)
  from space 11776K, 6% used [0x00000000e0580000,0x00000000e0638000,0x00000000e1100000)
  to   space 4608K, 0% used [0x00000000e1800000,0x00000000e1800000,0x00000000e1c80000)
 ParOldGen       total 68608K, used 17191K [0x0000000080000000, 0x0000000084300000, 0x00000000d5580000)
  object space 68608K, 25% used [0x0000000080000000,0x00000000810c9fd0,0x0000000084300000)
 Metaspace       used 35335K, capacity 36122K, committed 36352K, reserved 1081344K
  class space    used 4764K, capacity 4998K, committed 5120K, reserved 1048576K
Event: 8.598 GC heap after
Heap after GC invocations=14 (full 2):
 PSYoungGen      total 178176K, used 4594K [0x00000000d5580000, 0x00000000e1c80000, 0x0000000100000000)
  eden space 173568K, 0% used [0x00000000d5580000,0x00000000d5580000,0x00000000dff00000)
  from space 4608K, 99% used [0x00000000e1800000,0x00000000e1c7c970,0x00000000e1c80000)
  to   space 11776K, 0% used [0x00000000e0580000,0x00000000e0580000,0x00000000e1100000)
 ParOldGen       total 68608K, used 18484K [0x0000000080000000, 0x0000000084300000, 0x00000000d5580000)
  object space 68608K, 26% used [0x0000000080000000,0x000000008120d0c0,0x0000000084300000)
 Metaspace       used 35335K, capacity 36122K, committed 36352K, reserved 1081344K
  class space    used 4764K, capacity 4998K, committed 5120K, reserved 1048576K
}
Event: 9.927 GC heap before
{Heap before GC invocations=15 (full 2):
 PSYoungGen      total 178176K, used 178162K [0x00000000d5580000, 0x00000000e1c80000, 0x0000000100000000)
  eden space 173568K, 100% used [0x00000000d5580000,0x00000000dff00000,0x00000000dff00000)
  from space 4608K, 99% used [0x00000000e1800000,0x00000000e1c7c970,0x00000000e1c80000)
  to   space 11776K, 0% used [0x00000000e0580000,0x00000000e0580000,0x00000000e1100000)
 ParOldGen       total 68608K, used 18484K [0x0000000080000000, 0x0000000084300000, 0x00000000d5580000)
  object space 68608K, 26% used [0x0000000080000000,0x000000008120d0c0,0x0000000084300000)
 Metaspace       used 40011K, capacity 41238K, committed 41472K, reserved 1085440K
  class space    used 5492K, capacity 5780K, committed 5888K, reserved 1048576K
Event: 9.939 GC heap after
Heap after GC invocations=15 (full 2):
 PSYoungGen      total 185344K, used 9146K [0x00000000d5580000, 0x00000000e1c80000, 0x0000000100000000)
  eden space 173568K, 0% used [0x00000000d5580000,0x00000000d5580000,0x00000000dff00000)
  from space 11776K, 77% used [0x00000000e0580000,0x00000000e0e6ea30,0x00000000e1100000)
  to   space 4608K, 0% used [0x00000000e1800000,0x00000000e1800000,0x00000000e1c80000)
 ParOldGen       total 68608K, used 18516K [0x0000000080000000, 0x0000000084300000, 0x00000000d5580000)
  object space 68608K, 26% used [0x0000000080000000,0x00000000812150c0,0x0000000084300000)
 Metaspace       used 40011K, capacity 41238K, committed 41472K, reserved 1085440K
  class space    used 5492K, capacity 5780K, committed 5888K, reserved 1048576K
}
Event: 12.938 GC heap before
{Heap before GC invocations=16 (full 2):
 PSYoungGen      total 185344K, used 182714K [0x00000000d5580000, 0x00000000e1c80000, 0x0000000100000000)
  eden space 173568K, 100% used [0x00000000d5580000,0x00000000dff00000,0x00000000dff00000)
  from space 11776K, 77% used [0x00000000e0580000,0x00000000e0e6ea30,0x00000000e1100000)
  to   space 4608K, 0% used [0x00000000e1800000,0x00000000e1800000,0x00000000e1c80000)
 ParOldGen       total 68608K, used 18516K [0x0000000080000000, 0x0000000084300000, 0x00000000d5580000)
  object space 68608K, 26% used [0x0000000080000000,0x00000000812150c0,0x0000000084300000)
 Metaspace       used 54887K, capacity 56810K, committed 57088K, reserved 1097728K
  class space    used 7380K, capacity 7809K, committed 7936K, reserved 1048576K
Event: 12.957 GC heap after
Heap after GC invocations=16 (full 2):
 PSYoungGen      total 184832K, used 4576K [0x00000000d5580000, 0x00000000e4f80000, 0x0000000100000000)
  eden space 180224K, 0% used [0x00000000d5580000,0x00000000d5580000,0x00000000e0580000)
  from space 4608K, 99% used [0x00000000e1800000,0x00000000e1c78010,0x00000000e1c80000)
  to   space 18944K, 0% used [0x00000000e0580000,0x00000000e0580000,0x00000000e1800000)
 ParOldGen       total 68608K, used 39309K [0x0000000080000000, 0x0000000084300000, 0x00000000d5580000)
  object space 68608K, 57% used [0x0000000080000000,0x0000000082663718,0x0000000084300000)
 Metaspace       used 54887K, capacity 56810K, committed 57088K, reserved 1097728K
  class space    used 7380K, capacity 7809K, committed 7936K, reserved 1048576K
}

